<?xml version="1.0" encoding="UTF-8"?>
<!-- Generated by org.testng.reporters.JUnitXMLReporter -->
<testsuite ignored="0" hostname="DESKTOP-EQS02MH" failures="0" tests="1" name="Test" time="1.321" errors="0" timestamp="2024-02-22T23:48:52 IST">
  <testcase classname="basetest.TestBase" name="@BeforeMethod launchApplication" time="1.22">
    <failure type="org.openqa.selenium.SessionNotCreatedException" message="Could not start a new session. Response code 500. Message: An unknown server-side error occurred while processing the command. Original error: The application at &amp;apos;C:\Users\Admin\Downloads\wisa_server_mclient_automation\StarApp\E:apkStar-debug.apk&amp;apos; does not exist or is not accessible 
Host info: host: &amp;apos;DESKTOP-EQS02MH&amp;apos;, ip: &amp;apos;192.168.86.109&amp;apos;
Build info: version: &amp;apos;4.8.1&amp;apos;, revision: &amp;apos;8ebccac989&amp;apos;
System info: os.name: &amp;apos;Windows 10&amp;apos;, os.arch: &amp;apos;amd64&amp;apos;, os.version: &amp;apos;10.0&amp;apos;, java.version: &amp;apos;21&amp;apos;
Driver info: io.appium.java_client.android.AndroidDriver
Command: [null, newSession {capabilities=[{appium:adbExecTimeout=200000, appium:app=C:\Users\Admin\Downloads\wisa_server_mclient_automation\StarApp\E:apkStar-debug.apk, appium:automationName=UiAutomator2, appium:deviceName=Redmi 9, appium:newCommandTimeout=3000, platformName=ANDROID, appium:platformVersion=11, appium:udid=KJZ985IFSWLZ95EI}], desiredCapabilities=Capabilities {adbExecTimeout: 200000, app: C:\Users\Admin\Downloads\wi..., automationName: UiAutomator2, deviceName: Redmi 9, newCommandTimeout: 3000, platformName: ANDROID, platformVersion: 11, udid: KJZ985IFSWLZ95EI}}]
Capabilities {adbExecTimeout: 200000, app: C:\Users\Admin\Downloads\wi..., automationName: UiAutomator2, deviceName: Redmi 9, newCommandTimeout: 3000, platformName: ANDROID, platformVersion: 11, udid: KJZ985IFSWLZ95EI}">
      <![CDATA[org.openqa.selenium.SessionNotCreatedException: Could not start a new session. Response code 500. Message: An unknown server-side error occurred while processing the command. Original error: The application at 'C:\Users\Admin\Downloads\wisa_server_mclient_automation\StarApp\E:apkStar-debug.apk' does not exist or is not accessible 
Host info: host: 'DESKTOP-EQS02MH', ip: '192.168.86.109'
Build info: version: '4.8.1', revision: '8ebccac989'
System info: os.name: 'Windows 10', os.arch: 'amd64', os.version: '10.0', java.version: '21'
Driver info: io.appium.java_client.android.AndroidDriver
Command: [null, newSession {capabilities=[{appium:adbExecTimeout=200000, appium:app=C:\Users\Admin\Downloads\wisa_server_mclient_automation\StarApp\E:apkStar-debug.apk, appium:automationName=UiAutomator2, appium:deviceName=Redmi 9, appium:newCommandTimeout=3000, platformName=ANDROID, appium:platformVersion=11, appium:udid=KJZ985IFSWLZ95EI}], desiredCapabilities=Capabilities {adbExecTimeout: 200000, app: C:\Users\Admin\Downloads\wi..., automationName: UiAutomator2, deviceName: Redmi 9, newCommandTimeout: 3000, platformName: ANDROID, platformVersion: 11, udid: KJZ985IFSWLZ95EI}}]
Capabilities {adbExecTimeout: 200000, app: C:\Users\Admin\Downloads\wi..., automationName: UiAutomator2, deviceName: Redmi 9, newCommandTimeout: 3000, platformName: ANDROID, platformVersion: 11, udid: KJZ985IFSWLZ95EI}
at org.openqa.selenium.remote.ProtocolHandshake.createSession(ProtocolHandshake.java:148)
at io.appium.java_client.remote.AppiumProtocolHandshake.createSession(AppiumProtocolHandshake.java:133)
at io.appium.java_client.remote.AppiumProtocolHandshake.createSession(AppiumProtocolHandshake.java:102)
at io.appium.java_client.remote.AppiumCommandExecutor.createSession(AppiumCommandExecutor.java:194)
at io.appium.java_client.remote.AppiumCommandExecutor.execute(AppiumCommandExecutor.java:262)
at org.openqa.selenium.remote.RemoteWebDriver.execute(RemoteWebDriver.java:543)
at io.appium.java_client.AppiumDriver.startSession(AppiumDriver.java:229)
at org.openqa.selenium.remote.RemoteWebDriver.<init>(RemoteWebDriver.java:157)
at io.appium.java_client.AppiumDriver.<init>(AppiumDriver.java:80)
at io.appium.java_client.AppiumDriver.<init>(AppiumDriver.java:92)
at io.appium.java_client.android.AndroidDriver.<init>(AndroidDriver.java:117)
at mobileUtility.MobileUtil.launchPhone(MobileUtil.java:96)
at basetest.TestBase.launchApplication(TestBase.java:55)
at java.base/java.util.ArrayList.forEach(ArrayList.java:1596)
... Removed 31 stack frames]]>
    </failure>
  </testcase> <!-- @BeforeMethod launchApplication -->
  <testcase classname="TestMobile.LoginTestScript" name="login" time="0.0">
    <skipped/>
  </testcase> <!-- login -->
</testsuite> <!-- Test -->
