<?xml version="1.0" encoding="UTF-8"?>
<testng-results ignored="0" total="1" passed="1" failed="0" skipped="0">
  <reporter-output>
  </reporter-output>
  <suite started-at="2024-03-09T13:29:27 IST" name="Default suite" finished-at="2024-03-09T13:30:31 IST" duration-ms="63924">
    <groups>
    </groups>
    <test started-at="2024-03-09T13:29:27 IST" name="Default test" finished-at="2024-03-09T13:30:31 IST" duration-ms="63924">
      <class name="TestMobile.LoginTestScript">
        <test-method is-config="true" signature="beforeSuite()[pri:0, instance:TestMobile.LoginTestScript@15a34df2]" started-at="2024-03-09T13:29:27 IST" name="beforeSuite" finished-at="2024-03-09T13:29:27 IST" duration-ms="762" status="PASS">
          <reporter-output>
          </reporter-output>
        </test-method> <!-- beforeSuite -->
        <test-method is-config="true" signature="launchApplication(org.testng.ITestResult)[pri:0, instance:TestMobile.LoginTestScript@15a34df2]" started-at="2024-03-09T13:29:27 IST" name="launchApplication" finished-at="2024-03-09T13:29:51 IST" duration-ms="23943" status="PASS">
          <params>
            <param index="0">
              <value>
                <![CDATA[[TestResult name={null} status=CREATED method=LoginTestScript.login()[pri:0, instance:TestMobile.LoginTestScript@15a34df2] output={null}]]]>
              </value>
            </param>
          </params>
          <reporter-output>
          </reporter-output>
        </test-method> <!-- launchApplication -->
        <test-method signature="login()[pri:0, instance:TestMobile.LoginTestScript@15a34df2]" started-at="2024-03-09T13:29:51 IST" name="login" finished-at="2024-03-09T13:30:31 IST" duration-ms="39222" status="PASS">
          <reporter-output>
          </reporter-output>
        </test-method> <!-- login -->
        <test-method is-config="true" signature="afterMethod(org.testng.ITestResult)[pri:0, instance:TestMobile.LoginTestScript@15a34df2]" started-at="2024-03-09T13:30:31 IST" name="afterMethod" finished-at="2024-03-09T13:30:31 IST" duration-ms="678" status="PASS">
          <params>
            <param index="0">
              <value>
                <![CDATA[[TestResult name=login status=SUCCESS method=LoginTestScript.login()[pri:0, instance:TestMobile.LoginTestScript@15a34df2] output={null}]]]>
              </value>
            </param>
          </params>
          <reporter-output>
          </reporter-output>
        </test-method> <!-- afterMethod -->
        <test-method is-config="true" signature="afterSuite()[pri:0, instance:TestMobile.LoginTestScript@15a34df2]" started-at="2024-03-09T13:30:31 IST" name="afterSuite" finished-at="2024-03-09T13:30:33 IST" duration-ms="1366" status="PASS">
          <reporter-output>
          </reporter-output>
        </test-method> <!-- afterSuite -->
      </class> <!-- TestMobile.LoginTestScript -->
    </test> <!-- Default test -->
  </suite> <!-- Default suite -->
</testng-results>
